# JRE version: OpenJDK Runtime Environment (19.0.2+7) (build 19.0.2+7-44)
# Java VM: OpenJDK 64-Bit Server VM (19.0.2+7-44, mixed mode, sharing, tiered, compressed oops, compressed class ptrs, g1 gc, windows-amd64)
GC Precious Log:
 CardTable entry size: 512
 Card Set container configuration: InlinePtr #cards 4 size 8 Array Of Cards #cards 16 size 48 Howl #buckets 8 coarsen threshold 3686 Howl Bitmap #cards 512 size 80 coarsen threshold 460 Card regions per heap region 1 cards per card region 4096
 CPUs: 8 total, 8 available
 Memory: 16149M
 Large Page Support: Disabled
 NUMA Support: Disabled
 Compressed Oops: Enabled (Zero based)
 Heap Region Size: 2M
 Heap Min Capacity: 8M
 Heap Initial Capacity: 254M
 Heap Max Capacity: 4038M
 Pre-touch: Disabled
 Parallel Workers: 8
 Concurrent Workers: 2
 Concurrent Refinement Workers: 8
 Periodic GC: Disabled
Heap:
 garbage-first heap   total 81920K, used 30008K [0x0000000703a00000, 0x0000000800000000)
  region size 2048K, 6 young (12288K), 2 survivors (4096K)
 Metaspace       used 50407K, committed 51072K, reserved 1114112K
  class space    used 6336K, committed 6656K, reserved 1048576K
GC Heap History (20 events):
Event: 0.624 GC heap before
{Heap before GC invocations=0 (full 0):
 garbage-first heap   total 260096K, used 20480K [0x0000000703a00000, 0x0000000800000000)
  region size 2048K, 11 young (22528K), 0 survivors (0K)
 Metaspace       used 6633K, committed 6912K, reserved 1114112K
  class space    used 759K, committed 896K, reserved 1048576K
}
Event: 0.627 GC heap after
{Heap after GC invocations=1 (full 0):
 garbage-first heap   total 260096K, used 5323K [0x0000000703a00000, 0x0000000800000000)
  region size 2048K, 2 young (4096K), 2 survivors (4096K)
 Metaspace       used 6633K, committed 6912K, reserved 1114112K
  class space    used 759K, committed 896K, reserved 1048576K
}
Event: 1.030 GC heap before
{Heap before GC invocations=1 (full 0):
 garbage-first heap   total 260096K, used 36043K [0x0000000703a00000, 0x0000000800000000)
  region size 2048K, 17 young (34816K), 2 survivors (4096K)
 Metaspace       used 14245K, committed 14592K, reserved 1114112K
  class space    used 1780K, committed 1920K, reserved 1048576K
}
Event: 1.034 GC heap after
{Heap after GC invocations=2 (full 0):
 garbage-first heap   total 260096K, used 7696K [0x0000000703a00000, 0x0000000800000000)
  region size 2048K, 2 young (4096K), 2 survivors (4096K)
 Metaspace       used 14245K, committed 14592K, reserved 1114112K
  class space    used 1780K, committed 1920K, reserved 1048576K
}
Event: 1.672 GC heap before
{Heap before GC invocations=2 (full 0):
 garbage-first heap   total 260096K, used 44560K [0x0000000703a00000, 0x0000000800000000)
  region size 2048K, 22 young (45056K), 2 survivors (4096K)
 Metaspace       used 21228K, committed 21504K, reserved 1114112K
  class space    used 2577K, committed 2688K, reserved 1048576K
}
Event: 1.677 GC heap after
{Heap after GC invocations=3 (full 0):
 garbage-first heap   total 260096K, used 11018K [0x0000000703a00000, 0x0000000800000000)
  region size 2048K, 3 young (6144K), 3 survivors (6144K)
 Metaspace       used 21228K, committed 21504K, reserved 1114112K
  class space    used 2577K, committed 2688K, reserved 1048576K
}
Event: 2.139 GC heap before
{Heap before GC invocations=4 (full 0):
 garbage-first heap   total 49152K, used 33546K [0x0000000703a00000, 0x0000000800000000)
  region size 2048K, 14 young (28672K), 3 survivors (6144K)
 Metaspace       used 25621K, committed 26048K, reserved 1114112K
  class space    used 3174K, committed 3328K, reserved 1048576K
}
Event: 2.145 GC heap after
{Heap after GC invocations=5 (full 0):
 garbage-first heap   total 49152K, used 13281K [0x0000000703a00000, 0x0000000800000000)
  region size 2048K, 2 young (4096K), 2 survivors (4096K)
 Metaspace       used 25621K, committed 26048K, reserved 1114112K
  class space    used 3174K, committed 3328K, reserved 1048576K
}
Event: 2.162 GC heap before
{Heap before GC invocations=5 (full 0):
 garbage-first heap   total 49152K, used 15329K [0x0000000703a00000, 0x0000000800000000)
  region size 2048K, 3 young (6144K), 2 survivors (4096K)
 Metaspace       used 25809K, committed 26176K, reserved 1114112K
  class space    used 3221K, committed 3392K, reserved 1048576K
}
Event: 2.166 GC heap after
{Heap after GC invocations=6 (full 0):
 garbage-first heap   total 49152K, used 13565K [0x0000000703a00000, 0x0000000800000000)
  region size 2048K, 1 young (2048K), 1 survivors (2048K)
 Metaspace       used 25809K, committed 26176K, reserved 1114112K
  class space    used 3221K, committed 3392K, reserved 1048576K
}
Event: 2.495 GC heap before
{Heap before GC invocations=6 (full 0):
 garbage-first heap   total 49152K, used 29949K [0x0000000703a00000, 0x0000000800000000)
  region size 2048K, 9 young (18432K), 1 survivors (2048K)
 Metaspace       used 30449K, committed 30912K, reserved 1114112K
  class space    used 3794K, committed 4032K, reserved 1048576K
}
Event: 2.498 GC heap after
{Heap after GC invocations=7 (full 0):
 garbage-first heap   total 155648K, used 14948K [0x0000000703a00000, 0x0000000800000000)
  region size 2048K, 1 young (2048K), 1 survivors (2048K)
 Metaspace       used 30449K, committed 30912K, reserved 1114112K
  class space    used 3794K, committed 4032K, reserved 1048576K
}
Event: 2.815 GC heap before
{Heap before GC invocations=7 (full 0):
 garbage-first heap   total 155648K, used 31332K [0x0000000703a00000, 0x0000000800000000)
  region size 2048K, 10 young (20480K), 1 survivors (2048K)
 Metaspace       used 35398K, committed 35968K, reserved 1114112K
  class space    used 4453K, committed 4736K, reserved 1048576K
}
Event: 2.820 GC heap after
{Heap after GC invocations=8 (full 0):
 garbage-first heap   total 155648K, used 17530K [0x0000000703a00000, 0x0000000800000000)
  region size 2048K, 3 young (6144K), 3 survivors (6144K)
 Metaspace       used 35398K, committed 35968K, reserved 1114112K
  class space    used 4453K, committed 4736K, reserved 1048576K
}
Event: 3.557 GC heap before
{Heap before GC invocations=9 (full 0):
 garbage-first heap   total 81920K, used 58490K [0x0000000703a00000, 0x0000000800000000)
  region size 2048K, 24 young (49152K), 3 survivors (6144K)
 Metaspace       used 43594K, committed 44224K, reserved 1114112K
  class space    used 5552K, committed 5824K, reserved 1048576K
}
Event: 3.562 GC heap after
{Heap after GC invocations=10 (full 0):
 garbage-first heap   total 81920K, used 21698K [0x0000000703a00000, 0x0000000800000000)
  region size 2048K, 3 young (6144K), 3 survivors (6144K)
 Metaspace       used 43594K, committed 44224K, reserved 1114112K
  class space    used 5552K, committed 5824K, reserved 1048576K
}
Event: 3.593 GC heap before
{Heap before GC invocations=10 (full 0):
 garbage-first heap   total 81920K, used 23746K [0x0000000703a00000, 0x0000000800000000)
  region size 2048K, 4 young (8192K), 3 survivors (6144K)
 Metaspace       used 43920K, committed 44544K, reserved 1114112K
  class space    used 5598K, committed 5888K, reserved 1048576K
}
Event: 3.596 GC heap after
{Heap after GC invocations=11 (full 0):
 garbage-first heap   total 81920K, used 22421K [0x0000000703a00000, 0x0000000800000000)
  region size 2048K, 1 young (2048K), 1 survivors (2048K)
 Metaspace       used 43920K, committed 44544K, reserved 1114112K
  class space    used 5598K, committed 5888K, reserved 1048576K
}
Event: 494.628 GC heap before
{Heap before GC invocations=11 (full 0):
 garbage-first heap   total 81920K, used 57237K [0x0000000703a00000, 0x0000000800000000)
  region size 2048K, 19 young (38912K), 1 survivors (2048K)
 Metaspace       used 50332K, committed 51008K, reserved 1114112K
  class space    used 6336K, committed 6656K, reserved 1048576K
}
Event: 494.631 GC heap after
{Heap after GC invocations=12 (full 0):
 garbage-first heap   total 81920K, used 23864K [0x0000000703a00000, 0x0000000800000000)
  region size 2048K, 2 young (4096K), 2 survivors (4096K)
 Metaspace       used 50332K, committed 51008K, reserved 1114112K
  class space    used 6336K, committed 6656K, reserved 1048576K
}

